FINDSYM, Version 4.3.1, December 2015
Written by Harold T. Stokes, Branton J. Campbell, and Dorian M. Hatch
Brigham Young University
 
input file for isotropy generated from pwscf input by AFLOWpi
Tolerance:    0.00000
Lattice vectors in cartesian coordinates:
  -7.57397   7.57397   7.57397
   7.57397  -7.57397   7.57397
   7.57397   7.57397  -7.57397
Lattice parameters, a,b,c,alpha,beta,gamma:
  13.11850  13.11850  13.11850 109.47122 109.47122 109.47122
Centering: P
Number of atoms in unit cell:
  14
Type of each atom:
4*3 6*1 4*2 
Position of each atom (dimensionless coordinates)
   1   0.00000   0.00000   0.98985
   2   0.50000   0.48985   0.00000
   3   0.51015   0.01015   0.51015
   4   0.98985   0.50000   0.50000
   5   0.73168   0.75000   0.48168
   6   0.76832   0.25000   0.01832
   7   0.01832   0.26832   0.75000
   8   0.48168   0.23168   0.25000
   9   0.25000   0.98168   0.73168
  10   0.75000   0.51832   0.76832
  11   0.00000   0.00000   0.45983
  12   0.50000   0.95983   0.00000
  13   0.04017   0.54017   0.04017
  14   0.45983   0.50000   0.50000
------------------------------------------
