comsubs, version 3.1, February 2006
Harold T. Stokes and Dorian M. Hatch, Brigham Young University
Thu Jun  1 12:29:04 2006
 
NaCl:  transition to CsCl structure
First crystal:
  Space group: 225 Fm-3m     
  Lattice parameters:    4.8400   4.8400   4.8400  90.0000  90.0000  90.0000
  Number of Wyckoff positions:   2
  Na, Wyckoff position a,    0.00000   0.00000   0.00000 
  Cl, Wyckoff position b,    0.50000   0.50000   0.50000 
Second crystal:
  Space group: 221 Pm-3m     
  Lattice parameters:    2.9800   2.9800   2.9800  90.0000  90.0000  90.0000
  Number of Wyckoff positions:   2
  Na, Wyckoff position a,    0.00000   0.00000   0.00000 
  Cl, Wyckoff position b,    0.50000   0.50000   0.50000 
Minimum size of unit cell:   1
Maximum size of unit cell:   2
Minimum strain: .600    
Maximum strain: 1.60    
Minimum distance between atoms:    2.200
Constrain shuffle to  1.50
Number of atoms in primitive unit cell of crystal 1:   2
Number of atoms in primitive unit cell of crystal 2:   2
Volume/atom in crystal 1:     14.172
Volume/atom in crystal 2:     13.232
Nearest distance between atoms in crystal 1:    2.4200
Nearest distance between atoms in crystal 2:    2.5808
---------------------------------------
Subgroup     1
Principal values of strain tensor:    1.231   1.231   0.616
Nearest-neighbor distance along path:    2.420
Broken bonds:  0 out of  6
Maximum atomic shuffle:    0.0
Common subgroup: 166 R-3m      
Setting of crystal 1: 
  Size =  1
  Lattice: (1/2,0,-1/2),(0,-1/2,1/2),(-1,-1,-1)
  Origin: (0,0,0)
  Lattice parameters:    3.4224   3.4224   8.3831  90.0000  90.0000 120.0000
  Na a
  Cl b
Setting of crystal 2: 
  Size =  1
  Lattice: (-1,1,0),(1,0,1),(1,1,-1)
  Origin: (0,0,0)
  Lattice parameters:    4.2144   4.2144   5.1615  90.0000  90.0000 120.0000
  Na a
  Cl b
At midpoint:
  Lattice parameters:    3.7686   3.7686   6.6841  90.0000  90.0000 120.0000
  Na a
  Cl b
---------------------------------------
Subgroup     2
Principal values of strain tensor:    1.231   0.871   0.871
Nearest-neighbor distance along path:    2.368
Broken bonds:  0 out of 12
Maximum atomic shuffle:    0.8
Common subgroup:  59 Pmmn      
Setting of crystal 1: 
  Size =  2
  Lattice: (0,1,0),(1/2,0,-1/2),(-1/2,0,-1/2)
  Origin: (-1/4,-1/4,0)
  Lattice parameters:    4.8400   3.4224   3.4224  90.0000  90.0000  90.0000
  Na a  z'= 0.75000
  Cl b  z'= 0.25000
Setting of crystal 2: 
  Size =  2
  Lattice: (0,-1,1),(0,-1,-1),(1,0,0)
  Origin: (1/2,1/2,0)
  Lattice parameters:    4.2144   4.2144   2.9800  90.0000  90.0000  90.0000
  Na a  z'= 0.50000
  Cl b  z'= 0.00000
At midpoint:
  Lattice parameters:    4.5127   3.8062   3.1910  90.0000  90.0000  90.0000
  Na a  z'= 0.62500
  Cl b  z'= 0.12500
---------------------------------------
Subgroup     3
Principal values of strain tensor:    1.452   0.871   0.738
Nearest-neighbor distance along path:    2.287
Broken bonds:  2 out of 12
Maximum atomic shuffle:    1.1
Common subgroup:   7 Pc        
Setting of crystal 1: 
  Size =  2
  Lattice: (1/2,0,-1/2),(-1/2,0,-1/2),(1/2,1,-1/2)
  Origin: (-1/8,0,-1/8)
  Lattice parameters:    3.4224   3.4224   5.9278  90.0000  54.7356  90.0000
  Na a  x'= 0.00000, y'= 0.75000, z'= 0.00000
  Cl a  x'= 0.50000, y'= 0.75000, z'= 0.50000
Setting of crystal 2: 
  Size =  2
  Lattice: (0,0,-1),(1,0,0),(0,-2,0)
  Origin: (1/2,-1/4,0)
  Lattice parameters:    2.9800   2.9800   5.9600  90.0000  90.0000  90.0000
  Na a  x'= 0.00000, y'= 0.50000, z'=-0.12500
  Cl a  x'= 0.50000, y'= 1.00000, z'= 0.62500
At midpoint:
  Lattice parameters:    3.1405   3.1405   5.8311  90.0000  72.3678  90.0000
  Na a  x'= 0.00000, y'= 0.62500, z'=-0.06250
  Cl a  x'= 0.50000, y'= 0.87500, z'= 0.56250
---------------------------------------
Subgroup     4
Principal values of strain tensor:    1.231   0.871   0.871
Nearest-neighbor distance along path:    2.214
Broken bonds:  2 out of 12
Maximum atomic shuffle:    1.4
Common subgroup:  36 Cmc2_1    
Setting of crystal 1: 
  Size =  2
  Lattice: (0,0,-1),(-1,0,0),(0,1,0)
  Origin: (1/4,0,-1/2)
  Lattice parameters:    4.8400   4.8400   4.8400  90.0000  90.0000  90.0000
  Na a  y'=-0.25000, z'= 0.00000
  Cl a  y'=-0.25000, z'= 0.50000
Setting of crystal 2: 
  Size =  2
  Lattice: (1,0,-1),(1,0,1),(0,-2,0)
  Origin: (1/2,-1/4,-1/2)
  Lattice parameters:    4.2144   4.2144   5.9600  90.0000  90.0000  90.0000
  Na a  y'=-0.50000, z'=-0.12500
  Cl a  y'= 0.00000, z'= 0.62500
At midpoint:
  Lattice parameters:    4.5127   4.5127   5.3827  90.0000  90.0000  90.0000
  Na a  y'=-0.37500, z'=-0.06250
  Cl a  y'=-0.12500, z'= 0.56250
---------------------------------------
Subgroup     5
Principal values of strain tensor:    1.231   1.231   0.616
Nearest-neighbor distance along path:    2.214
Broken bonds:  4 out of 12
Maximum atomic shuffle:    1.4
Common subgroup:  31 Pmn2_1    
Setting of crystal 1: 
  Size =  2
  Lattice: (1/2,0,-1/2),(0,1,0),(1/2,0,1/2)
  Origin: (0,1/4,0)
  Lattice parameters:    3.4224   4.8400   3.4224  90.0000  90.0000  90.0000
  Na a  y'= 0.75000, z'= 0.00000
  Cl a  y'= 0.25000, z'= 0.00000
Setting of crystal 2: 
  Size =  2
  Lattice: (-1,1,0),(0,0,-1),(-1,-1,0)
  Origin: (1/4,1/4,-1/2)
  Lattice parameters:    4.2144   2.9800   4.2144  90.0000  90.0000  90.0000
  Na a  y'= 0.50000, z'= 0.25000
  Cl a  y'= 0.00000, z'=-0.25000
At midpoint:
  Lattice parameters:    3.7686   3.8591   3.7686  90.0000  90.0000  90.0000
  Na a  y'= 0.62500, z'= 0.12500
  Cl a  y'= 0.12500, z'=-0.12500
---------------------------------------
done
